<?xml version="1.0" encoding="UTF-8"?>
<testng-results ignored="0" total="4" passed="4" failed="0" skipped="0">
  <reporter-output>
  </reporter-output>
  <suite started-at="2024-12-18T00:27:42 IST" name="All Test Suite" finished-at="2024-12-18T00:29:56 IST" duration-ms="133799">
    <groups>
    </groups>
    <test started-at="2024-12-18T00:27:42 IST" name="Test" finished-at="2024-12-18T00:29:56 IST" duration-ms="133799">
      <class name="com.ecommerce.testcases.TC_ProductPageTest">
        <test-method is-config="true" signature="setup()[pri:0, instance:com.ecommerce.testcases.TC_ProductPageTest@6af9fcb2]" started-at="2024-12-18T00:28:27 IST" name="setup" finished-at="2024-12-18T00:28:33 IST" duration-ms="5550" status="PASS">
          <reporter-output>
          </reporter-output>
        </test-method> <!-- setup -->
        <test-method signature="VerifyBuyProduct()[pri:0, instance:com.ecommerce.testcases.TC_ProductPageTest@6af9fcb2]" started-at="2024-12-18T00:28:33 IST" name="VerifyBuyProduct" finished-at="2024-12-18T00:29:47 IST" duration-ms="74425" status="PASS">
          <reporter-output>
          </reporter-output>
        </test-method> <!-- VerifyBuyProduct -->
        <test-method signature="VerifySearchProduct()[pri:0, instance:com.ecommerce.testcases.TC_ProductPageTest@6af9fcb2]" started-at="2024-12-18T00:29:47 IST" name="VerifySearchProduct" finished-at="2024-12-18T00:29:56 IST" duration-ms="8522" status="PASS">
          <reporter-output>
          </reporter-output>
        </test-method> <!-- VerifySearchProduct -->
        <test-method is-config="true" signature="tearDown()[pri:0, instance:com.ecommerce.testcases.TC_ProductPageTest@6af9fcb2]" started-at="2024-12-18T00:29:56 IST" name="tearDown" finished-at="2024-12-18T00:29:56 IST" duration-ms="371" status="PASS">
          <reporter-output>
          </reporter-output>
        </test-method> <!-- tearDown -->
      </class> <!-- com.ecommerce.testcases.TC_ProductPageTest -->
      <class name="com.ecommerce.testcases.TC_MyAccountDataDriven">
        <test-method is-config="true" signature="setup()[pri:0, instance:com.ecommerce.testcases.TC_MyAccountDataDriven@74589991]" started-at="2024-12-18T00:27:43 IST" name="setup" finished-at="2024-12-18T00:28:13 IST" duration-ms="30594" status="PASS">
          <reporter-output>
          </reporter-output>
        </test-method> <!-- setup -->
        <test-method signature="verifyLogin(java.lang.String,java.lang.String,java.lang.String)[pri:0, instance:com.ecommerce.testcases.TC_MyAccountDataDriven@74589991]" started-at="2024-12-18T00:28:15 IST" name="verifyLogin" data-provider="LoginDataProvider" finished-at="2024-12-18T00:28:20 IST" duration-ms="4236" status="PASS">
          <params>
            <param index="0">
              <value>
                <![CDATA[abc@yahoo.com]]>
              </value>
            </param>
            <param index="1">
              <value>
                <![CDATA[Romi@2577]]>
              </value>
            </param>
            <param index="2">
              <value>
                <![CDATA[Xy zx]]>
              </value>
            </param>
          </params>
          <reporter-output>
          </reporter-output>
        </test-method> <!-- verifyLogin -->
        <test-method signature="verifyLogin(java.lang.String,java.lang.String,java.lang.String)[pri:0, instance:com.ecommerce.testcases.TC_MyAccountDataDriven@74589991]" started-at="2024-12-18T00:28:20 IST" name="verifyLogin" data-provider="LoginDataProvider" finished-at="2024-12-18T00:28:23 IST" duration-ms="3670" status="PASS">
          <params>
            <param index="0">
              <value>
                <![CDATA[jovial07@gmail.com]]>
              </value>
            </param>
            <param index="1">
              <value>
                <![CDATA[Romi@2577]]>
              </value>
            </param>
            <param index="2">
              <value>
                <![CDATA[Jyotipal Hira]]>
              </value>
            </param>
          </params>
          <reporter-output>
          </reporter-output>
        </test-method> <!-- verifyLogin -->
        <test-method is-config="true" signature="tearDown()[pri:0, instance:com.ecommerce.testcases.TC_MyAccountDataDriven@74589991]" started-at="2024-12-18T00:28:23 IST" name="tearDown" finished-at="2024-12-18T00:28:27 IST" duration-ms="3667" status="PASS">
          <reporter-output>
          </reporter-output>
        </test-method> <!-- tearDown -->
      </class> <!-- com.ecommerce.testcases.TC_MyAccountDataDriven -->
    </test> <!-- Test -->
  </suite> <!-- All Test Suite -->
</testng-results>
