<?xml version="1.0" encoding="UTF-8"?>
<testsuite xmlns:xsi="http://www.w3.org/2001/XMLSchema-instance" xsi:noNamespaceSchemaLocation="https://maven.apache.org/surefire/maven-surefire-plugin/xsd/surefire-test-report.xsd" version="3.0.1" name="TestSuite" time="136.351" tests="4" errors="0" skipped="0" failures="0">
  <properties>
[...]
</properties>
  <testcase name="verifyLogin[abc@yahoo.com, Romi@2577, Xy zx](1)" classname="com.ecommerce.testcases.TC_MyAccountDataDriven" time="4.258">
    <system-out><![CDATA[[DEBUG] 2024-12-18 00:27:42.027 [main] TestNG - suiteXmlPath: "C:\Users\Home\IdeaProjects\EcommerceTesting\testng1.xml"
On Start method invoked....
[INFO ] 2024-12-18 00:28:13.714 [main] EcommerceTesting - URL opened
[DEBUG] 2024-12-18 00:28:14.206 [main] PackageRelationshipCollection - Parsing relationship: /xl/_rels/workbook.xml.rels
[DEBUG] 2024-12-18 00:28:14.216 [main] PackageRelationshipCollection - Parsing relationship: /xl/worksheets/_rels/sheet1.xml.rels
[DEBUG] 2024-12-18 00:28:14.218 [main] PackageRelationshipCollection - Parsing relationship: /_rels/.rels
[DEBUG] 2024-12-18 00:28:15.092 [main] POIXMLFactory - using default POIXMLDocumentPart for http://schemas.openxmlformats.org/officeDocument/2006/relationships/printerSettings
[DEBUG] 2024-12-18 00:28:15.286 [main] PackageRelationshipCollection - Parsing relationship: /xl/_rels/workbook.xml.rels
[DEBUG] 2024-12-18 00:28:15.288 [main] PackageRelationshipCollection - Parsing relationship: /xl/worksheets/_rels/sheet1.xml.rels
[DEBUG] 2024-12-18 00:28:15.290 [main] PackageRelationshipCollection - Parsing relationship: /_rels/.rels
[DEBUG] 2024-12-18 00:28:15.325 [main] POIXMLFactory - using default POIXMLDocumentPart for http://schemas.openxmlformats.org/officeDocument/2006/relationships/printerSettings
[DEBUG] 2024-12-18 00:28:15.360 [main] PackageRelationshipCollection - Parsing relationship: /xl/_rels/workbook.xml.rels
[DEBUG] 2024-12-18 00:28:15.361 [main] PackageRelationshipCollection - Parsing relationship: /xl/worksheets/_rels/sheet1.xml.rels
[DEBUG] 2024-12-18 00:28:15.362 [main] PackageRelationshipCollection - Parsing relationship: /_rels/.rels
[DEBUG] 2024-12-18 00:28:15.401 [main] POIXMLFactory - using default POIXMLDocumentPart for http://schemas.openxmlformats.org/officeDocument/2006/relationships/printerSettings
[DEBUG] 2024-12-18 00:28:15.459 [main] PackageRelationshipCollection - Parsing relationship: /xl/_rels/workbook.xml.rels
[DEBUG] 2024-12-18 00:28:15.461 [main] PackageRelationshipCollection - Parsing relationship: /xl/worksheets/_rels/sheet1.xml.rels
[DEBUG] 2024-12-18 00:28:15.468 [main] PackageRelationshipCollection - Parsing relationship: /_rels/.rels
[DEBUG] 2024-12-18 00:28:15.493 [main] POIXMLFactory - using default POIXMLDocumentPart for http://schemas.openxmlformats.org/officeDocument/2006/relationships/printerSettings
[DEBUG] 2024-12-18 00:28:15.579 [main] PackageRelationshipCollection - Parsing relationship: /xl/_rels/workbook.xml.rels
[DEBUG] 2024-12-18 00:28:15.589 [main] PackageRelationshipCollection - Parsing relationship: /xl/worksheets/_rels/sheet1.xml.rels
[DEBUG] 2024-12-18 00:28:15.593 [main] PackageRelationshipCollection - Parsing relationship: /_rels/.rels
[DEBUG] 2024-12-18 00:28:15.644 [main] POIXMLFactory - using default POIXMLDocumentPart for http://schemas.openxmlformats.org/officeDocument/2006/relationships/printerSettings
[DEBUG] 2024-12-18 00:28:15.708 [main] PackageRelationshipCollection - Parsing relationship: /xl/_rels/workbook.xml.rels
[DEBUG] 2024-12-18 00:28:15.712 [main] PackageRelationshipCollection - Parsing relationship: /xl/worksheets/_rels/sheet1.xml.rels
[DEBUG] 2024-12-18 00:28:15.726 [main] PackageRelationshipCollection - Parsing relationship: /_rels/.rels
[DEBUG] 2024-12-18 00:28:15.756 [main] POIXMLFactory - using default POIXMLDocumentPart for http://schemas.openxmlformats.org/officeDocument/2006/relationships/printerSettings
[DEBUG] 2024-12-18 00:28:15.794 [main] PackageRelationshipCollection - Parsing relationship: /xl/_rels/workbook.xml.rels
[DEBUG] 2024-12-18 00:28:15.795 [main] PackageRelationshipCollection - Parsing relationship: /xl/worksheets/_rels/sheet1.xml.rels
[DEBUG] 2024-12-18 00:28:15.797 [main] PackageRelationshipCollection - Parsing relationship: /_rels/.rels
[DEBUG] 2024-12-18 00:28:15.820 [main] POIXMLFactory - using default POIXMLDocumentPart for http://schemas.openxmlformats.org/officeDocument/2006/relationships/printerSettings
[DEBUG] 2024-12-18 00:28:15.890 [main] PackageRelationshipCollection - Parsing relationship: /xl/_rels/workbook.xml.rels
[DEBUG] 2024-12-18 00:28:15.891 [main] PackageRelationshipCollection - Parsing relationship: /xl/worksheets/_rels/sheet1.xml.rels
[DEBUG] 2024-12-18 00:28:15.893 [main] PackageRelationshipCollection - Parsing relationship: /_rels/.rels
[DEBUG] 2024-12-18 00:28:15.914 [main] POIXMLFactory - using default POIXMLDocumentPart for http://schemas.openxmlformats.org/officeDocument/2006/relationships/printerSettings
Name of test method started:verifyLogin
[INFO ] 2024-12-18 00:28:15.977 [main] EcommerceTesting - Verify registered user is able to login
[INFO ] 2024-12-18 00:28:17.452 [main] EcommerceTesting - Clicked on Sigin
[INFO ] 2024-12-18 00:28:17.619 [main] EcommerceTesting - Entered registered email address
[INFO ] 2024-12-18 00:28:17.742 [main] EcommerceTesting - Entered registered password
[INFO ] 2024-12-18 00:28:18.829 [main] EcommerceTesting - Clicked on submit button
[INFO ] 2024-12-18 00:28:18.866 [main] EcommerceTesting - Verify Login passed
Name of test method sucessfully executed:verifyLogin
]]></system-out>
    <system-err><![CDATA[Dec 18, 2024 12:28:06 AM org.openqa.selenium.devtools.CdpVersionFinder findNearestMatch
WARNING: Unable to find CDP implementation matching 131
Dec 18, 2024 12:28:06 AM org.openqa.selenium.chromium.ChromiumDriver lambda$new$5
WARNING: Unable to find version of CDP to use for 131.0.6778.140. You may need to include a dependency on a specific version of the CDP using something similar to `org.seleniumhq.selenium:selenium-devtools-v86:4.20.0` where the version ("v86") matches the version of the chromium-based browser you're using and the version number of the artifact is the same as Selenium's.
]]></system-err>
  </testcase>
  <testcase name="verifyLogin[jovial07@gmail.com, Romi@2577, Jyotipal Hira](2)" classname="com.ecommerce.testcases.TC_MyAccountDataDriven" time="3.662">
    <system-out><![CDATA[Name of test method started:verifyLogin
[INFO ] 2024-12-18 00:28:20.235 [main] EcommerceTesting - Verify registered user is able to login
[INFO ] 2024-12-18 00:28:20.948 [main] EcommerceTesting - Clicked on Sigin
[INFO ] 2024-12-18 00:28:21.083 [main] EcommerceTesting - Entered registered email address
[INFO ] 2024-12-18 00:28:21.224 [main] EcommerceTesting - Entered registered password
[INFO ] 2024-12-18 00:28:22.051 [main] EcommerceTesting - Clicked on submit button
[INFO ] 2024-12-18 00:28:22.099 [main] EcommerceTesting - Verify Login passed
Name of test method sucessfully executed:verifyLogin
]]></system-out>
  </testcase>
  <testcase name="VerifyBuyProduct" classname="com.ecommerce.testcases.TC_ProductPageTest" time="74.425">
    <system-out><![CDATA[[INFO ] 2024-12-18 00:28:27.569 [main] EcommerceTesting - url closed
[INFO ] 2024-12-18 00:28:33.120 [main] EcommerceTesting - URL opened
Name of test method started:VerifyBuyProduct
[INFO ] 2024-12-18 00:28:33.122 [main] EcommerceTesting - 
***************TestCase Buy Product started*****************
[INFO ] 2024-12-18 00:28:37.703 [main] EcommerceTesting - Clicked on Sigin
[INFO ] 2024-12-18 00:28:37.864 [main] EcommerceTesting - Entered registered email address
[INFO ] 2024-12-18 00:28:38.005 [main] EcommerceTesting - Entered registered password
[INFO ] 2024-12-18 00:28:39.143 [main] EcommerceTesting - Clicked on submit button
[INFO ] 2024-12-18 00:28:39.914 [main] EcommerceTesting - Clicked on search button
[INFO ] 2024-12-18 00:28:47.270 [main] EcommerceTesting - Clicked image
[INFO ] 2024-12-18 00:28:51.718 [main] EcommerceTesting - size L is entered
[INFO ] 2024-12-18 00:28:53.885 [main] EcommerceTesting - Quantity 2 is entered
[INFO ] 2024-12-18 00:28:59.028 [main] EcommerceTesting - Clicked on Add to cart
[INFO ] 2024-12-18 00:29:05.358 [main] EcommerceTesting - Clicked on proceed to checkout on product page
[INFO ] 2024-12-18 00:29:11.537 [main] EcommerceTesting - Clicked on proceed to checkout on order summary page
[INFO ] 2024-12-18 00:29:17.162 [main] EcommerceTesting - Clicked on proceed to checkout on order address page
[INFO ] 2024-12-18 00:29:22.296 [main] EcommerceTesting - Clicked on selectTermsOfServices checkbox on Shipping page
[INFO ] 2024-12-18 00:29:28.572 [main] EcommerceTesting - Clicked on proceed to checkout on order Shipping page
[INFO ] 2024-12-18 00:29:34.198 [main] EcommerceTesting - Clicked on pay by cheque order payment page
[INFO ] 2024-12-18 00:29:45.754 [main] EcommerceTesting - Clicked on confirmed order
Your order on My Shop is complete.
[INFO ] 2024-12-18 00:29:47.529 [main] EcommerceTesting - User has logged out 
Page title:Login - My Shop
[INFO ] 2024-12-18 00:29:47.546 [main] EcommerceTesting - Page title is as expected
[INFO ] 2024-12-18 00:29:47.546 [main] EcommerceTesting - 
***************TestCase Buy Product stopped*****************
Name of test method sucessfully executed:VerifyBuyProduct
]]></system-out>
    <system-err><![CDATA[Dec 18, 2024 12:28:23 AM org.openqa.selenium.remote.http.WebSocket$Listener onError
WARNING: Connection reset
java.net.SocketException: Connection reset
	at java.base/sun.nio.ch.SocketChannelImpl.throwConnectionReset(SocketChannelImpl.java:401)
	at java.base/sun.nio.ch.SocketChannelImpl.read(SocketChannelImpl.java:434)
	at java.net.http/jdk.internal.net.http.SocketTube.readAvailable(SocketTube.java:1178)
	at java.net.http/jdk.internal.net.http.SocketTube$InternalReadPublisher$InternalReadSubscription.read(SocketTube.java:841)
	at java.net.http/jdk.internal.net.http.SocketTube$SocketFlowTask.run(SocketTube.java:181)
	at java.net.http/jdk.internal.net.http.common.SequentialScheduler$SchedulableTask.run(SequentialScheduler.java:207)
	at java.net.http/jdk.internal.net.http.common.SequentialScheduler.runOrSchedule(SequentialScheduler.java:280)
	at java.net.http/jdk.internal.net.http.common.SequentialScheduler.runOrSchedule(SequentialScheduler.java:233)
	at java.net.http/jdk.internal.net.http.SocketTube$InternalReadPublisher$InternalReadSubscription.signalReadable(SocketTube.java:782)
	at java.net.http/jdk.internal.net.http.SocketTube$InternalReadPublisher$ReadEvent.signalEvent(SocketTube.java:965)
	at java.net.http/jdk.internal.net.http.SocketTube$SocketFlowEvent.handle(SocketTube.java:253)
	at java.net.http/jdk.internal.net.http.HttpClientImpl$SelectorManager.handleEvent(HttpClientImpl.java:1467)
	at java.net.http/jdk.internal.net.http.HttpClientImpl$SelectorManager.lambda$run$3(HttpClientImpl.java:1412)
	at java.base/java.util.ArrayList.forEach(ArrayList.java:1596)
	at java.net.http/jdk.internal.net.http.HttpClientImpl$SelectorManager.run(HttpClientImpl.java:1412)

Dec 18, 2024 12:28:31 AM org.openqa.selenium.devtools.CdpVersionFinder findNearestMatch
WARNING: Unable to find CDP implementation matching 131
Dec 18, 2024 12:28:31 AM org.openqa.selenium.chromium.ChromiumDriver lambda$new$5
WARNING: Unable to find version of CDP to use for 131.0.6778.140. You may need to include a dependency on a specific version of the CDP using something similar to `org.seleniumhq.selenium:selenium-devtools-v86:4.20.0` where the version ("v86") matches the version of the chromium-based browser you're using and the version number of the artifact is the same as Selenium's.
]]></system-err>
  </testcase>
  <testcase name="VerifySearchProduct" classname="com.ecommerce.testcases.TC_ProductPageTest" time="8.524">
    <system-out><![CDATA[Name of test method started:VerifySearchProduct
[INFO ] 2024-12-18 00:29:47.548 [main] EcommerceTesting - 
***************TestCase Search Product started*****************
[INFO ] 2024-12-18 00:29:48.333 [main] EcommerceTesting - Clicked on Sigin
[INFO ] 2024-12-18 00:29:48.443 [main] EcommerceTesting - Entered registered email address
[INFO ] 2024-12-18 00:29:48.536 [main] EcommerceTesting - Entered registered password
[INFO ] 2024-12-18 00:29:49.383 [main] EcommerceTesting - Clicked on submit button
[INFO ] 2024-12-18 00:29:55.057 [main] EcommerceTesting - Search Product testcase - Passed
[INFO ] 2024-12-18 00:29:56.070 [main] EcommerceTesting - ***************TestCase Search Product ends*****************
Name of test method sucessfully executed:VerifySearchProduct
]]></system-out>
  </testcase>
</testsuite>