<?xml version="1.0" encoding="UTF-8"?>
<!-- Generated by org.testng.reporters.JUnitXMLReporter -->
<testsuite ignored="1" hostname="Home" failures="0" tests="4" name="Test" time="133.799" errors="0" timestamp="2024-12-18T00:29:56 IST">
  <testcase classname="com.ecommerce.testcases.TC_MyAccountDataDriven" name="verifyLogin" time="4.236"/>
  <testcase classname="com.ecommerce.testcases.TC_MyAccountDataDriven" name="verifyLogin" time="3.67"/>
  <testcase classname="com.ecommerce.testcases.TC_ProductPageTest" name="VerifyBuyProduct" time="74.425"/>
  <testcase classname="com.ecommerce.testcases.TC_ProductPageTest" name="VerifySearchProduct" time="8.522"/>
  <testcase classname="com.ecommerce.testcases.TC_MyAccountDataDriven" name="verifyRegistrationandLogin" time="0.0">
    <ignored/>
  </testcase> <!-- verifyRegistrationandLogin -->
</testsuite> <!-- Test -->
